<?xml version="1.0" encoding="UTF-8"?>
<testng-results ignored="0" total="1" passed="1" failed="0" skipped="0">
  <reporter-output>
  </reporter-output>
  <suite started-at="2023-06-25T11:10:31 IST" name="Default suite" finished-at="2023-06-25T11:11:25 IST" duration-ms="54431">
    <groups>
    </groups>
    <test started-at="2023-06-25T11:10:31 IST" name="Default test" finished-at="2023-06-25T11:11:25 IST" duration-ms="54431">
      <class name="test.Savetest">
        <test-method is-config="true" signature="setUp()[pri:0, instance:test.Savetest@242b836]" started-at="2023-06-25T11:10:31 IST" name="setUp" finished-at="2023-06-25T11:11:09 IST" duration-ms="38017" status="PASS">
          <reporter-output>
          </reporter-output>
        </test-method> <!-- setUp -->
        <test-method signature="test()[pri:0, instance:test.Savetest@242b836]" started-at="2023-06-25T11:11:09 IST" name="test" finished-at="2023-06-25T11:11:25 IST" duration-ms="16309" status="PASS">
          <reporter-output>
          </reporter-output>
        </test-method> <!-- test -->
        <test-method is-config="true" signature="teardown()[pri:0, instance:test.Savetest@242b836]" started-at="2023-06-25T11:11:25 IST" name="teardown" finished-at="2023-06-25T11:11:25 IST" duration-ms="0" status="PASS">
          <reporter-output>
          </reporter-output>
        </test-method> <!-- teardown -->
      </class> <!-- test.Savetest -->
    </test> <!-- Default test -->
  </suite> <!-- Default suite -->
</testng-results>
